<?xml version="1.0" encoding="UTF-8"?>
<!-- Generated by org.testng.reporters.JUnitXMLReporter -->
<testsuite ignored="0" hostname="Dhananjays-MacBook-Air.local" failures="0" tests="3" name="Default test" time="2.02" errors="0" timestamp="2025-01-08T21:21:09 IST">
  <testcase classname="APITests.CoinDeskAPI" name="testBPIEntriesSize" time="0.49"/>
  <testcase classname="APITests.CoinDeskAPI" name="testCurrencyDetails" time="0.018"/>
  <testcase classname="APITests.CoinDeskAPI" name="testGBPDescription" time="0.026"/>
</testsuite> <!-- Default test -->
