<?xml version="1.0" encoding="UTF-8"?>
<!-- Generated by org.testng.reporters.JUnitXMLReporter -->
<testsuite ignored="0" hostname="Dhananjays-MacBook-Air.local" failures="0" tests="4" name="Test" time="23.061" errors="0" timestamp="2025-01-08T21:21:58 IST">
  <testcase classname="APITests.CoinDeskAPI" name="testBPIEntriesSize" time="0.507"/>
  <testcase classname="APITests.CoinDeskAPI" name="testCurrencyDetails" time="0.025"/>
  <testcase classname="APITests.CoinDeskAPI" name="testGBPDescription" time="0.032"/>
  <testcase classname="UITests.AddBookToCart" name="testAddBookToCart" time="15.208"/>
</testsuite> <!-- Test -->
